<?xml version="1.0" encoding="UTF-8"?>
<!-- Generated by org.testng.reporters.JUnitReportReporter -->
<testsuite hostname="LTIN513673" failures="0" tests="1" name="testcases.Tc_003_014_UI_ValidatingLoanTenturecalculator_FeesAndCharges" time="17.497" errors="0" timestamp="2024-06-14T16:24:10 IST" skipped="0">
  <testcase classname="testcases.Tc_003_014_UI_ValidatingLoanTenturecalculator_FeesAndCharges" name="validatingLoanTenturecalculator_FeesAndCharges" time="17.497"/>
</testsuite> <!-- testcases.Tc_003_014_UI_ValidatingLoanTenturecalculator_FeesAndCharges -->
