<?xml version="1.0" encoding="UTF-8"?>
<!-- Generated by org.testng.reporters.JUnitReportReporter -->
<testsuite hostname="LTIN511680" failures="0" tests="1" name="testcases.Tc_002_HomeLoan" time="6.302" errors="0" timestamp="2024-04-04T12:07:27 IST" skipped="0">
  <testcase classname="testcases.Tc_002_HomeLoan" name="valaidateHomeLoan" time="6.302"/>
</testsuite> <!-- testcases.Tc_002_HomeLoan -->
