<?xml version="1.0" encoding="UTF-8"?>
<!-- Generated by org.testng.reporters.JUnitReportReporter -->
<testsuite hostname="LTIN513673" failures="0" tests="1" name="testcases.Tc_003_004_UI_ValidatingEMIcalculator_FeesAndCharges" time="5.313" errors="0" timestamp="2024-06-14T16:24:10 IST" skipped="0">
  <testcase classname="testcases.Tc_003_004_UI_ValidatingEMIcalculator_FeesAndCharges" name="validatingEMIcalculator_FeesAndCharges" time="5.313"/>
</testsuite> <!-- testcases.Tc_003_004_UI_ValidatingEMIcalculator_FeesAndCharges -->
