<?xml version="1.0" encoding="UTF-8"?>
<!-- Generated by org.testng.reporters.JUnitReportReporter -->
<testsuite hostname="LTIN363512" failures="0" tests="1" name="cucumber.Runner" time="10.853" errors="0" timestamp="2024-06-07T05:24:59 IST" skipped="0">
  <testcase classname="cucumber.Runner" name="runScenario" time="10.853"/>
</testsuite> <!-- cucumber.Runner -->
