<?xml version="1.0" encoding="UTF-8"?>
<!-- Generated by org.testng.reporters.JUnitReportReporter -->
<testsuite hostname="LTIN513673" failures="0" tests="1" name="testcases.Tc_003_007_UI_ValidatingLoanAmountcalculator_InterestRate" time="6.151" errors="0" timestamp="2024-06-14T16:24:10 IST" skipped="0">
  <testcase classname="testcases.Tc_003_007_UI_ValidatingLoanAmountcalculator_InterestRate" name="validatingLoanAmountcalculator_InterestRate" time="6.151"/>
</testsuite> <!-- testcases.Tc_003_007_UI_ValidatingLoanAmountcalculator_InterestRate -->
